<?xml version="1.0" encoding="UTF-8"?>
<testng-results skipped="0" failed="0" ignored="0" total="1" passed="1">
  <reporter-output>
  </reporter-output>
  <suite name="Default suite" duration-ms="19232" started-at="2018-06-27T20:49:25Z" finished-at="2018-06-27T20:49:44Z">
    <groups>
    </groups>
    <test name="Default test" duration-ms="19232" started-at="2018-06-27T20:49:25Z" finished-at="2018-06-27T20:49:44Z">
      <class name="com.mockaroo.MockarooDataValidation">
        <test-method status="PASS" signature="setUp()[pri:0, instance:com.mockaroo.MockarooDataValidation@5622fdf]" name="setUp" is-config="true" duration-ms="4982" started-at="2018-06-27T20:49:25Z" finished-at="2018-06-27T20:49:30Z">
          <reporter-output>
          </reporter-output>
        </test-method> <!-- setUp -->
        <test-method status="PASS" signature="dataValidation()[pri:0, instance:com.mockaroo.MockarooDataValidation@5622fdf]" name="dataValidation" duration-ms="14214" started-at="2018-06-27T20:49:30Z" finished-at="2018-06-27T20:49:44Z">
          <reporter-output>
          </reporter-output>
        </test-method> <!-- dataValidation -->
        <test-method status="PASS" signature="tearDown()[pri:0, instance:com.mockaroo.MockarooDataValidation@5622fdf]" name="tearDown" is-config="true" duration-ms="2" started-at="2018-06-27T20:49:44Z" finished-at="2018-06-27T20:49:44Z">
          <reporter-output>
          </reporter-output>
        </test-method> <!-- tearDown -->
      </class> <!-- com.mockaroo.MockarooDataValidation -->
    </test> <!-- Default test -->
  </suite> <!-- Default suite -->
</testng-results>
